<?xml version="1.0" encoding="UTF-8"?>
<testsuite name="com.kodilla.testing.forum.ForumTestSuite" tests="2" skipped="0" failures="0" errors="0" timestamp="2019-05-18T13:31:03" hostname="DESKTOP-JSCA1II" time="0.002">
  <properties/>
  <testcase name="testCaseUsername" classname="com.kodilla.testing.forum.ForumTestSuite" time="0.002"/>
  <testcase name="testCasePrivateName" classname="com.kodilla.testing.forum.ForumTestSuite" time="0.0"/>
  <system-out><![CDATA[Test Suite: begin
Test Case: begin
Testing:theForumUser
Test Case: end
Test Case: begin
Testing:John Smith
Test Case: end
Test suite: end
]]></system-out>
  <system-err><![CDATA[]]></system-err>
</testsuite>
